<?xml version="1.0" encoding="UTF-8"?>
<testng-results skipped="0" failed="0" ignored="0" total="1" passed="1">
  <reporter-output>
  </reporter-output>
  <suite name="Default suite" duration-ms="78" started-at="2019-03-14T13:27:06Z" finished-at="2019-03-14T13:27:06Z">
    <groups>
    </groups>
    <test name="Default test" duration-ms="78" started-at="2019-03-14T13:27:06Z" finished-at="2019-03-14T13:27:06Z">
      <class name="com.qa.hs.testsCases.LoginTest">
        <test-method status="PASS" signature="loginTest()[pri:0, instance:com.qa.hs.testsCases.LoginTest@4501b7af]" name="loginTest" duration-ms="21" started-at="2019-03-14T18:57:06Z" finished-at="2019-03-14T18:57:06Z">
          <reporter-output>
          </reporter-output>
        </test-method> <!-- loginTest -->
      </class> <!-- com.qa.hs.testsCases.LoginTest -->
    </test> <!-- Default test -->
  </suite> <!-- Default suite -->
</testng-results>
